

Started GET "/lists" for ::1 at 2015-02-09 16:42:28 -0800
Processing by ListsController#index as HTML
  [1m[36mList Load (0.2ms)[0m  [1mSELECT  "lists".* FROM "lists"  ORDER BY "lists"."id" ASC LIMIT 1[0m
  [1m[35m (0.1ms)[0m  BEGIN
  [1m[36m (0.4ms)[0m  [1mROLLBACK[0m
  [1m[35mList Load (0.3ms)[0m  SELECT "lists".* FROM "lists"
  Rendered lists/index.html.erb within layouts/application (1.1ms)
Completed 200 OK in 62ms (Views: 57.4ms | ActiveRecord: 1.0ms)


Started GET "/assets/bootstrap-overrides-cb25738189bca93965a7834feb69b180.css?body=1" for ::1 at 2015-02-09 16:42:28 -0800


Started GET "/assets/bootstrap.css.map-247aced95d08259e3d8c8472aeb18474.css?body=1" for ::1 at 2015-02-09 16:42:28 -0800


Started GET "/assets/bootstrap-1c37bf29767a881e5d67ed60ebf96898.css?body=1" for ::1 at 2015-02-09 16:42:28 -0800


Started GET "/assets/jquery-87424c3c19e96d4fb033c10ebe21ec40.js?body=1" for ::1 at 2015-02-09 16:42:28 -0800


Started GET "/assets/application-0e9099a68c7ab6814ecdefdd892a3994.js?body=1" for ::1 at 2015-02-09 16:42:28 -0800


Started GET "/assets/turbolinks-da8ddad9c2c5483d4c5c30c1ce325253.js?body=1" for ::1 at 2015-02-09 16:42:28 -0800


Started GET "/assets/application-90bde8c45d2fc50ed714e6d96418bccd.css?body=1" for ::1 at 2015-02-09 16:42:28 -0800


Started GET "/assets/jquery-2.1.3-f6430688c576903899df06242228577b.js?body=1" for ::1 at 2015-02-09 16:42:28 -0800


Started GET "/assets/test-87326376e172c5d044a0bcb1c674ab63.js?body=1" for ::1 at 2015-02-09 16:42:28 -0800


Started GET "/assets/jquery_ujs-e27bd20a10d28155845a22d71ef94f2f.js?body=1" for ::1 at 2015-02-09 16:42:28 -0800


Started GET "/assets/bootstrap.css.map" for ::1 at 2015-02-09 16:42:28 -0800
  [1m[36mActiveRecord::SchemaMigration Load (32.1ms)[0m  [1mSELECT "schema_migrations".* FROM "schema_migrations"[0m
  [1m[35m (2.0ms)[0m  SELECT t2.oid::regclass::text AS to_table, a1.attname AS column, a2.attname AS primary_key, c.conname AS name, c.confupdtype AS on_update, c.confdeltype AS on_delete
FROM pg_constraint c
JOIN pg_class t1 ON c.conrelid = t1.oid
JOIN pg_class t2 ON c.confrelid = t2.oid
JOIN pg_attribute a1 ON a1.attnum = c.conkey[1] AND a1.attrelid = t1.oid
JOIN pg_attribute a2 ON a2.attnum = c.confkey[1] AND a2.attrelid = t2.oid
JOIN pg_namespace t3 ON c.connamespace = t3.oid
WHERE c.contype = 'f'
  AND t1.relname = 'lists'
  AND t3.nspname = ANY (current_schemas(false))
ORDER BY c.conname

  [1m[36m (2.2ms)[0m  [1mSELECT t2.oid::regclass::text AS to_table, a1.attname AS column, a2.attname AS primary_key, c.conname AS name, c.confupdtype AS on_update, c.confdeltype AS on_delete
FROM pg_constraint c
JOIN pg_class t1 ON c.conrelid = t1.oid
JOIN pg_class t2 ON c.confrelid = t2.oid
JOIN pg_attribute a1 ON a1.attnum = c.conkey[1] AND a1.attrelid = t1.oid
JOIN pg_attribute a2 ON a2.attnum = c.confkey[1] AND a2.attrelid = t2.oid
JOIN pg_namespace t3 ON c.connamespace = t3.oid
WHERE c.contype = 'f'
  AND t1.relname = 'tasks'
  AND t3.nspname = ANY (current_schemas(false))
ORDER BY c.conname
[0m


Started GET "/lists" for ::1 at 2015-02-09 16:48:56 -0800
Processing by ListsController#index as HTML
  [1m[36mList Load (0.5ms)[0m  [1mSELECT  "lists".* FROM "lists"  ORDER BY "lists"."id" ASC LIMIT 1[0m
  [1m[35m (0.2ms)[0m  BEGIN
  [1m[36m (0.1ms)[0m  [1mROLLBACK[0m
  [1m[35mList Load (0.2ms)[0m  SELECT "lists".* FROM "lists"
  Rendered lists/index.html.erb within layouts/application (2.1ms)
Completed 200 OK in 138ms (Views: 90.9ms | ActiveRecord: 4.4ms)


Started GET "/assets/bootstrap-overrides-cb25738189bca93965a7834feb69b180.css?body=1" for ::1 at 2015-02-09 16:48:56 -0800


Started GET "/assets/bootstrap.css.map-247aced95d08259e3d8c8472aeb18474.css?body=1" for ::1 at 2015-02-09 16:48:56 -0800


Started GET "/assets/bootstrap-1c37bf29767a881e5d67ed60ebf96898.css?body=1" for ::1 at 2015-02-09 16:48:56 -0800


Started GET "/assets/application-90bde8c45d2fc50ed714e6d96418bccd.css?body=1" for ::1 at 2015-02-09 16:48:56 -0800


Started GET "/assets/jquery-87424c3c19e96d4fb033c10ebe21ec40.js?body=1" for ::1 at 2015-02-09 16:48:56 -0800


Started GET "/assets/jquery_ujs-e27bd20a10d28155845a22d71ef94f2f.js?body=1" for ::1 at 2015-02-09 16:48:56 -0800


Started GET "/assets/turbolinks-da8ddad9c2c5483d4c5c30c1ce325253.js?body=1" for ::1 at 2015-02-09 16:48:56 -0800


Started GET "/assets/jquery-2.1.3-f6430688c576903899df06242228577b.js?body=1" for ::1 at 2015-02-09 16:48:56 -0800


Started GET "/assets/test-87326376e172c5d044a0bcb1c674ab63.js?body=1" for ::1 at 2015-02-09 16:48:56 -0800


Started GET "/assets/application-0e9099a68c7ab6814ecdefdd892a3994.js?body=1" for ::1 at 2015-02-09 16:48:56 -0800


Started GET "/assets/bootstrap.css.map" for ::1 at 2015-02-09 16:48:56 -0800


Started GET "/lists" for ::1 at 2015-02-09 16:49:32 -0800
Processing by ListsController#index as HTML
  [1m[36mList Load (0.2ms)[0m  [1mSELECT  "lists".* FROM "lists"  ORDER BY "lists"."id" ASC LIMIT 1[0m
  [1m[35m (0.1ms)[0m  BEGIN
  [1m[36m (0.1ms)[0m  [1mROLLBACK[0m
  [1m[35mList Load (0.3ms)[0m  SELECT "lists".* FROM "lists"
  Rendered lists/index.html.erb within layouts/application (1.7ms)
Completed 200 OK in 47ms (Views: 43.7ms | ActiveRecord: 0.7ms)


Started GET "/assets/bootstrap-overrides-cb25738189bca93965a7834feb69b180.css?body=1" for ::1 at 2015-02-09 16:49:32 -0800


Started GET "/assets/application-90bde8c45d2fc50ed714e6d96418bccd.css?body=1" for ::1 at 2015-02-09 16:49:32 -0800


Started GET "/assets/bootstrap-1c37bf29767a881e5d67ed60ebf96898.css?body=1" for ::1 at 2015-02-09 16:49:32 -0800


Started GET "/assets/bootstrap.css.map-247aced95d08259e3d8c8472aeb18474.css?body=1" for ::1 at 2015-02-09 16:49:32 -0800


Started GET "/assets/jquery-87424c3c19e96d4fb033c10ebe21ec40.js?body=1" for ::1 at 2015-02-09 16:49:32 -0800


Started GET "/assets/jquery_ujs-e27bd20a10d28155845a22d71ef94f2f.js?body=1" for ::1 at 2015-02-09 16:49:32 -0800


Started GET "/assets/turbolinks-da8ddad9c2c5483d4c5c30c1ce325253.js?body=1" for ::1 at 2015-02-09 16:49:32 -0800


Started GET "/assets/jquery-2.1.3-f6430688c576903899df06242228577b.js?body=1" for ::1 at 2015-02-09 16:49:32 -0800


Started GET "/assets/test-87326376e172c5d044a0bcb1c674ab63.js?body=1" for ::1 at 2015-02-09 16:49:32 -0800


Started GET "/assets/application-0e9099a68c7ab6814ecdefdd892a3994.js?body=1" for ::1 at 2015-02-09 16:49:32 -0800


Started GET "/assets/bootstrap.css.map" for ::1 at 2015-02-09 16:49:32 -0800


Started GET "/lists" for ::1 at 2015-02-09 16:49:46 -0800
Processing by ListsController#index as HTML
  [1m[36mList Load (0.5ms)[0m  [1mSELECT  "lists".* FROM "lists"  ORDER BY "lists"."id" ASC LIMIT 1[0m
  [1m[35m (0.2ms)[0m  BEGIN
  [1m[36m (0.2ms)[0m  [1mROLLBACK[0m
  [1m[35mList Load (0.3ms)[0m  SELECT "lists".* FROM "lists"
  Rendered lists/index.html.erb within layouts/application (2.2ms)
Completed 200 OK in 130ms (Views: 85.8ms | ActiveRecord: 4.5ms)


Started GET "/assets/bootstrap-overrides-cb25738189bca93965a7834feb69b180.css?body=1" for ::1 at 2015-02-09 16:49:46 -0800


Started GET "/assets/bootstrap-1c37bf29767a881e5d67ed60ebf96898.css?body=1" for ::1 at 2015-02-09 16:49:46 -0800


Started GET "/assets/jquery_ujs-e27bd20a10d28155845a22d71ef94f2f.js?body=1" for ::1 at 2015-02-09 16:49:46 -0800


Started GET "/assets/application-90bde8c45d2fc50ed714e6d96418bccd.css?body=1" for ::1 at 2015-02-09 16:49:46 -0800


Started GET "/assets/jquery-87424c3c19e96d4fb033c10ebe21ec40.js?body=1" for ::1 at 2015-02-09 16:49:46 -0800


Started GET "/assets/bootstrap.css.map-247aced95d08259e3d8c8472aeb18474.css?body=1" for ::1 at 2015-02-09 16:49:46 -0800


Started GET "/assets/turbolinks-da8ddad9c2c5483d4c5c30c1ce325253.js?body=1" for ::1 at 2015-02-09 16:49:46 -0800


Started GET "/assets/jquery-2.1.3-f6430688c576903899df06242228577b.js?body=1" for ::1 at 2015-02-09 16:49:46 -0800


Started GET "/assets/test-87326376e172c5d044a0bcb1c674ab63.js?body=1" for ::1 at 2015-02-09 16:49:46 -0800


Started GET "/assets/application-0e9099a68c7ab6814ecdefdd892a3994.js?body=1" for ::1 at 2015-02-09 16:49:46 -0800


Started GET "/assets/bootstrap.css.map" for ::1 at 2015-02-09 16:49:46 -0800


Started GET "/lists" for ::1 at 2015-02-09 16:51:47 -0800
Processing by ListsController#index as HTML
  [1m[36mList Load (0.5ms)[0m  [1mSELECT  "lists".* FROM "lists"  ORDER BY "lists"."id" ASC LIMIT 1[0m
  [1m[35m (0.2ms)[0m  BEGIN
  [1m[36m (0.2ms)[0m  [1mROLLBACK[0m
  [1m[35mList Load (0.2ms)[0m  SELECT "lists".* FROM "lists"
  Rendered lists/index.html.erb within layouts/application (2.1ms)
Completed 200 OK in 133ms (Views: 87.9ms | ActiveRecord: 4.5ms)


Started GET "/assets/application-90bde8c45d2fc50ed714e6d96418bccd.css?body=1" for ::1 at 2015-02-09 16:51:47 -0800


Started GET "/assets/bootstrap-overrides-cb25738189bca93965a7834feb69b180.css?body=1" for ::1 at 2015-02-09 16:51:47 -0800


Started GET "/assets/bootstrap-1c37bf29767a881e5d67ed60ebf96898.css?body=1" for ::1 at 2015-02-09 16:51:47 -0800


Started GET "/assets/bootstrap.css.map-247aced95d08259e3d8c8472aeb18474.css?body=1" for ::1 at 2015-02-09 16:51:47 -0800


Started GET "/assets/jquery_ujs-e27bd20a10d28155845a22d71ef94f2f.js?body=1" for ::1 at 2015-02-09 16:51:47 -0800


Started GET "/assets/jquery-87424c3c19e96d4fb033c10ebe21ec40.js?body=1" for ::1 at 2015-02-09 16:51:47 -0800


Started GET "/assets/application-0e9099a68c7ab6814ecdefdd892a3994.js?body=1" for ::1 at 2015-02-09 16:51:47 -0800


Started GET "/assets/jquery-2.1.3-f6430688c576903899df06242228577b.js?body=1" for ::1 at 2015-02-09 16:51:47 -0800


Started GET "/assets/test-87326376e172c5d044a0bcb1c674ab63.js?body=1" for ::1 at 2015-02-09 16:51:47 -0800


Started GET "/assets/turbolinks-da8ddad9c2c5483d4c5c30c1ce325253.js?body=1" for ::1 at 2015-02-09 16:51:47 -0800


Started GET "/assets/bootstrap.css.map" for ::1 at 2015-02-09 16:51:47 -0800


Started GET "/lists" for ::1 at 2015-02-09 16:55:56 -0800
Processing by ListsController#index as HTML
  [1m[36mList Load (0.5ms)[0m  [1mSELECT  "lists".* FROM "lists"  ORDER BY "lists"."id" ASC LIMIT 1[0m
  [1m[35mList Load (0.2ms)[0m  SELECT "lists".* FROM "lists"
  Rendered lists/index.html.erb within layouts/application (1.8ms)
Completed 200 OK in 123ms (Views: 89.5ms | ActiveRecord: 4.3ms)


Started GET "/assets/bootstrap-overrides-cb25738189bca93965a7834feb69b180.css?body=1" for ::1 at 2015-02-09 16:55:56 -0800


Started GET "/assets/bootstrap.css.map-247aced95d08259e3d8c8472aeb18474.css?body=1" for ::1 at 2015-02-09 16:55:56 -0800


Started GET "/assets/jquery-87424c3c19e96d4fb033c10ebe21ec40.js?body=1" for ::1 at 2015-02-09 16:55:56 -0800


Started GET "/assets/jquery_ujs-e27bd20a10d28155845a22d71ef94f2f.js?body=1" for ::1 at 2015-02-09 16:55:56 -0800


Started GET "/assets/turbolinks-da8ddad9c2c5483d4c5c30c1ce325253.js?body=1" for ::1 at 2015-02-09 16:55:56 -0800


Started GET "/assets/application-90bde8c45d2fc50ed714e6d96418bccd.css?body=1" for ::1 at 2015-02-09 16:55:56 -0800


Started GET "/assets/bootstrap-1c37bf29767a881e5d67ed60ebf96898.css?body=1" for ::1 at 2015-02-09 16:55:56 -0800


Started GET "/assets/jquery-2.1.3-f6430688c576903899df06242228577b.js?body=1" for ::1 at 2015-02-09 16:55:56 -0800


Started GET "/assets/test-87326376e172c5d044a0bcb1c674ab63.js?body=1" for ::1 at 2015-02-09 16:55:56 -0800


Started GET "/assets/application-0e9099a68c7ab6814ecdefdd892a3994.js?body=1" for ::1 at 2015-02-09 16:55:56 -0800


Started GET "/assets/bootstrap.css.map" for ::1 at 2015-02-09 16:55:56 -0800
